This file contains any messages produced by compilers while
running configure, to aid debugging if configure makes a mistake.

It was created by swig configure 3.0.10, which was
generated by GNU Autoconf 2.69.  Invocation command line was

  $ ./configure --prefix=/usr --without-clisp --without-maximum-compile-warnings

## --------- ##
## Platform. ##
## --------- ##

hostname = blade
uname -m = x86_64
uname -r = 4.15.0-43-generic
uname -s = Linux
uname -v = #46-Ubuntu SMP Thu Dec 6 14:45:28 UTC 2018

/usr/bin/uname -p = unknown
/bin/uname -X     = unknown

/bin/arch              = unknown
/usr/bin/arch -k       = unknown
/usr/convex/getsysinfo = unknown
/usr/bin/hostinfo      = unknown
/bin/machine           = unknown
/usr/bin/oslevel       = unknown
/bin/universe          = unknown

PATH: /usr/local/sbin
PATH: /usr/local/bin
PATH: /usr/sbin
PATH: /usr/bin
PATH: /sbin
PATH: /bin
PATH: /usr/games
PATH: /usr/local/games


## ----------- ##
## Core tests. ##
## ----------- ##

configure:2824: checking build system type
configure:2838: result: x86_64-pc-linux-gnu
configure:2858: checking host system type
configure:2871: result: x86_64-pc-linux-gnu
configure:2907: checking for a BSD-compatible install
configure:2975: result: /usr/bin/install -c
configure:2986: checking whether build environment is sane
configure:3041: result: yes
configure:3192: checking for a thread-safe mkdir -p
configure:3231: result: /bin/mkdir -p
configure:3238: checking for gawk
configure:3268: result: no
configure:3238: checking for mawk
configure:3254: found /usr/bin/mawk
configure:3265: result: mawk
configure:3276: checking whether make sets $(MAKE)
configure:3298: result: yes
configure:3327: checking whether make supports nested variables
configure:3344: result: yes
configure:3521: checking for gcc
configure:3537: found /usr/bin/gcc
configure:3548: result: gcc
configure:3777: checking for C compiler version
configure:3786: gcc --version >&5
gcc (Ubuntu 7.3.0-27ubuntu1~18.04) 7.3.0
Copyright (C) 2017 Free Software Foundation, Inc.
This is free software; see the source for copying conditions.  There is NO
warranty; not even for MERCHANTABILITY or FITNESS FOR A PARTICULAR PURPOSE.

configure:3797: $? = 0
configure:3786: gcc -v >&5
Using built-in specs.
COLLECT_GCC=gcc
COLLECT_LTO_WRAPPER=/usr/lib/gcc/x86_64-linux-gnu/7/lto-wrapper
OFFLOAD_TARGET_NAMES=nvptx-none
OFFLOAD_TARGET_DEFAULT=1
Target: x86_64-linux-gnu
Configured with: ../src/configure -v --with-pkgversion='Ubuntu 7.3.0-27ubuntu1~18.04' --with-bugurl=file:///usr/share/doc/gcc-7/README.Bugs --enable-languages=c,ada,c++,go,brig,d,fortran,objc,obj-c++ --prefix=/usr --with-gcc-major-version-only --program-suffix=-7 --program-prefix=x86_64-linux-gnu- --enable-shared --enable-linker-build-id --libexecdir=/usr/lib --without-included-gettext --enable-threads=posix --libdir=/usr/lib --enable-nls --with-sysroot=/ --enable-clocale=gnu --enable-libstdcxx-debug --enable-libstdcxx-time=yes --with-default-libstdcxx-abi=new --enable-gnu-unique-object --disable-vtable-verify --enable-libmpx --enable-plugin --enable-default-pie --with-system-zlib --with-target-system-zlib --enable-objc-gc=auto --enable-multiarch --disable-werror --with-arch-32=i686 --with-abi=m64 --with-multilib-list=m32,m64,mx32 --enable-multilib --with-tune=generic --enable-offload-targets=nvptx-none --without-cuda-driver --enable-checking=release --build=x86_64-linux-gnu --host=x86_64-linux-gnu --target=x86_64-linux-gnu
Thread model: posix
gcc version 7.3.0 (Ubuntu 7.3.0-27ubuntu1~18.04) 
configure:3797: $? = 0
configure:3786: gcc -V >&5
gcc: error: unrecognized command line option '-V'
gcc: fatal error: no input files
compilation terminated.
configure:3797: $? = 1
configure:3786: gcc -qversion >&5
gcc: error: unrecognized command line option '-qversion'; did you mean '--version'?
gcc: fatal error: no input files
compilation terminated.
configure:3797: $? = 1
configure:3817: checking whether the C compiler works
configure:3839: gcc    conftest.c  >&5
configure:3843: $? = 0
configure:3891: result: yes
configure:3894: checking for C compiler default output file name
configure:3896: result: a.out
configure:3902: checking for suffix of executables
configure:3909: gcc -o conftest    conftest.c  >&5
configure:3913: $? = 0
configure:3935: result: 
configure:3957: checking whether we are cross compiling
configure:3965: gcc -o conftest    conftest.c  >&5
configure:3969: $? = 0
configure:3976: ./conftest
configure:3980: $? = 0
configure:3995: result: no
configure:4000: checking for suffix of object files
configure:4022: gcc -c   conftest.c >&5
configure:4026: $? = 0
configure:4047: result: o
configure:4051: checking whether we are using the GNU C compiler
configure:4070: gcc -c   conftest.c >&5
configure:4070: $? = 0
configure:4079: result: yes
configure:4088: checking whether gcc accepts -g
configure:4108: gcc -c -g  conftest.c >&5
configure:4108: $? = 0
configure:4149: result: yes
configure:4166: checking for gcc option to accept ISO C89
configure:4229: gcc  -c -g -O2  conftest.c >&5
configure:4229: $? = 0
configure:4242: result: none needed
configure:4267: checking whether gcc understands -c and -o together
configure:4289: gcc -c conftest.c -o conftest2.o
configure:4292: $? = 0
configure:4289: gcc -c conftest.c -o conftest2.o
configure:4292: $? = 0
configure:4304: result: yes
configure:4332: checking for style of include used by make
configure:4360: result: GNU
configure:4386: checking dependency style of gcc
configure:4497: result: gcc3
configure:4570: checking for g++
configure:4586: found /usr/bin/g++
configure:4597: result: g++
configure:4624: checking for C++ compiler version
configure:4633: g++ --version >&5
g++ (Ubuntu 7.3.0-27ubuntu1~18.04) 7.3.0
Copyright (C) 2017 Free Software Foundation, Inc.
This is free software; see the source for copying conditions.  There is NO
warranty; not even for MERCHANTABILITY or FITNESS FOR A PARTICULAR PURPOSE.

configure:4644: $? = 0
configure:4633: g++ -v >&5
Using built-in specs.
COLLECT_GCC=g++
COLLECT_LTO_WRAPPER=/usr/lib/gcc/x86_64-linux-gnu/7/lto-wrapper
OFFLOAD_TARGET_NAMES=nvptx-none
OFFLOAD_TARGET_DEFAULT=1
Target: x86_64-linux-gnu
Configured with: ../src/configure -v --with-pkgversion='Ubuntu 7.3.0-27ubuntu1~18.04' --with-bugurl=file:///usr/share/doc/gcc-7/README.Bugs --enable-languages=c,ada,c++,go,brig,d,fortran,objc,obj-c++ --prefix=/usr --with-gcc-major-version-only --program-suffix=-7 --program-prefix=x86_64-linux-gnu- --enable-shared --enable-linker-build-id --libexecdir=/usr/lib --without-included-gettext --enable-threads=posix --libdir=/usr/lib --enable-nls --with-sysroot=/ --enable-clocale=gnu --enable-libstdcxx-debug --enable-libstdcxx-time=yes --with-default-libstdcxx-abi=new --enable-gnu-unique-object --disable-vtable-verify --enable-libmpx --enable-plugin --enable-default-pie --with-system-zlib --with-target-system-zlib --enable-objc-gc=auto --enable-multiarch --disable-werror --with-arch-32=i686 --with-abi=m64 --with-multilib-list=m32,m64,mx32 --enable-multilib --with-tune=generic --enable-offload-targets=nvptx-none --without-cuda-driver --enable-checking=release --build=x86_64-linux-gnu --host=x86_64-linux-gnu --target=x86_64-linux-gnu
Thread model: posix
gcc version 7.3.0 (Ubuntu 7.3.0-27ubuntu1~18.04) 
configure:4644: $? = 0
configure:4633: g++ -V >&5
g++: error: unrecognized command line option '-V'
g++: fatal error: no input files
compilation terminated.
configure:4644: $? = 1
configure:4633: g++ -qversion >&5
g++: error: unrecognized command line option '-qversion'; did you mean '--version'?
g++: fatal error: no input files
compilation terminated.
configure:4644: $? = 1
configure:4648: checking whether we are using the GNU C++ compiler
configure:4667: g++ -c   conftest.cpp >&5
configure:4667: $? = 0
configure:4676: result: yes
configure:4685: checking whether g++ accepts -g
configure:4705: g++ -c -g  conftest.cpp >&5
configure:4705: $? = 0
configure:4746: result: yes
configure:4771: checking dependency style of g++
configure:4882: result: gcc3
configure:4902: checking maximum warning verbosity option
configure:4940: result: no
configure:4963: checking how to run the C preprocessor
configure:4994: gcc -E  conftest.c
configure:4994: $? = 0
configure:5008: gcc -E  conftest.c
conftest.c:13:10: fatal error: ac_nonexistent.h: No such file or directory
 #include <ac_nonexistent.h>
          ^~~~~~~~~~~~~~~~~~
compilation terminated.
configure:5008: $? = 1
configure: failed program was:
| /* confdefs.h */
| #define PACKAGE_NAME "swig"
| #define PACKAGE_TARNAME "swig"
| #define PACKAGE_VERSION "3.0.10"
| #define PACKAGE_STRING "swig 3.0.10"
| #define PACKAGE_BUGREPORT "http://www.swig.org"
| #define PACKAGE_URL ""
| #define PACKAGE "swig"
| #define VERSION "3.0.10"
| #define SWIG_CXX "g++"
| #define SWIG_PLATFORM "x86_64-pc-linux-gnu"
| /* end confdefs.h.  */
| #include <ac_nonexistent.h>
configure:5033: result: gcc -E
configure:5053: gcc -E  conftest.c
configure:5053: $? = 0
configure:5067: gcc -E  conftest.c
conftest.c:13:10: fatal error: ac_nonexistent.h: No such file or directory
 #include <ac_nonexistent.h>
          ^~~~~~~~~~~~~~~~~~
compilation terminated.
configure:5067: $? = 1
configure: failed program was:
| /* confdefs.h */
| #define PACKAGE_NAME "swig"
| #define PACKAGE_TARNAME "swig"
| #define PACKAGE_VERSION "3.0.10"
| #define PACKAGE_STRING "swig 3.0.10"
| #define PACKAGE_BUGREPORT "http://www.swig.org"
| #define PACKAGE_URL ""
| #define PACKAGE "swig"
| #define VERSION "3.0.10"
| #define SWIG_CXX "g++"
| #define SWIG_PLATFORM "x86_64-pc-linux-gnu"
| /* end confdefs.h.  */
| #include <ac_nonexistent.h>
configure:5096: checking for grep that handles long lines and -e
configure:5154: result: /bin/grep
configure:5159: checking for egrep
configure:5221: result: /bin/grep -E
configure:5226: checking for ANSI C header files
configure:5246: gcc -c -g -O2  conftest.c >&5
configure:5246: $? = 0
configure:5319: gcc -o conftest -g -O2   conftest.c  >&5
configure:5319: $? = 0
configure:5319: ./conftest
configure:5319: $? = 0
configure:5330: result: yes
configure:5349: checking for popen
configure:5349: gcc -o conftest -g -O2   conftest.c  >&5
configure:5349: $? = 0
configure:5349: result: yes
configure:5373: checking whether to enable PCRE support
configure:5375: result: yes
configure:5379: checking whether to use local PCRE
configure:5388: result: no
configure:5391: checking for a sed that does not truncate output
configure:5455: result: /bin/sed
configure:5525: checking for pcre-config
configure:5543: found /usr/bin/pcre-config
configure:5555: result: /usr/bin/pcre-config
configure:5725: checking whether to enable ccache-swig
configure:5727: result: yes
configure:5749: checking for bison
configure:5779: result: no
configure:5749: checking for byacc
configure:5779: result: no
configure:5844: checking for boostlib >= 1.20.0
configure:5927: g++ -c -g -O2   -I/usr/include conftest.cpp >&5
configure:5927: $? = 0
configure:5929: result: yes
configure:6092: ISYSTEM: -isystem 
configure:6097: checking SO
configure:6108: result: .so
configure:6115: checking LDSHARED
configure:6164: result: gcc -shared
configure:6170: checking CXXSHARED
configure:6176: result: gcc -shared
configure:6180: checking TRYLINKINGWITHCXX
configure:6205: result: CXXSHARED= g++ -shared 
configure:6209: checking CCSHARED
configure:6230: result: -fpic
configure:6234: checking RPATH
configure:6245: result: -Xlinker -rpath $(exec_prefix)/lib -Xlinker -rpath .
configure:6251: checking LINKFORSHARED
configure:6265: result: -Xlinker -export-dynamic
configure:6269: checking PLATCFLAGS
configure:6279: result: 
configure:6290: checking whether to enable C++11 testing
configure:6292: result: no
configure:6489: checking for dlopen in -ldl
configure:6514: gcc -o conftest -g -O2    conftest.c -ldl   -lpcre >&5
configure:6514: $? = 0
configure:6523: result: yes
configure:6534: checking for shl_load in -ldld
configure:6559: gcc -o conftest -g -O2    conftest.c -ldld  -ldl  -lpcre >&5
/usr/bin/ld: cannot find -ldld
collect2: error: ld returned 1 exit status
configure:6559: $? = 1
configure: failed program was:
| /* confdefs.h */
| #define PACKAGE_NAME "swig"
| #define PACKAGE_TARNAME "swig"
| #define PACKAGE_VERSION "3.0.10"
| #define PACKAGE_STRING "swig 3.0.10"
| #define PACKAGE_BUGREPORT "http://www.swig.org"
| #define PACKAGE_URL ""
| #define PACKAGE "swig"
| #define VERSION "3.0.10"
| #define SWIG_CXX "g++"
| #define SWIG_PLATFORM "x86_64-pc-linux-gnu"
| #define STDC_HEADERS 1
| #define HAVE_POPEN 1
| #define HAVE_PCRE 1
| #define HAVE_BOOST /**/
| #define HAVE_LIBDL 1
| /* end confdefs.h.  */
| 
| /* Override any GCC internal prototype to avoid an error.
|    Use char because int might match the return type of a GCC
|    builtin and then its argument prototype would still apply.  */
| #ifdef __cplusplus
| extern "C"
| #endif
| char shl_load ();
| int
| main ()
| {
| return shl_load ();
|   ;
|   return 0;
| }
configure:6568: result: no
configure:6580: checking for library containing t_open
configure:6611: gcc -o conftest -g -O2    conftest.c -ldl  -lpcre >&5
/tmp/cchI5HuF.o: In function `main':
/home/habhabhabs/Desktop/fyp4/hotword/swig-3.0.10/conftest.c:29: undefined reference to `t_open'
collect2: error: ld returned 1 exit status
configure:6611: $? = 1
configure: failed program was:
| /* confdefs.h */
| #define PACKAGE_NAME "swig"
| #define PACKAGE_TARNAME "swig"
| #define PACKAGE_VERSION "3.0.10"
| #define PACKAGE_STRING "swig 3.0.10"
| #define PACKAGE_BUGREPORT "http://www.swig.org"
| #define PACKAGE_URL ""
| #define PACKAGE "swig"
| #define VERSION "3.0.10"
| #define SWIG_CXX "g++"
| #define SWIG_PLATFORM "x86_64-pc-linux-gnu"
| #define STDC_HEADERS 1
| #define HAVE_POPEN 1
| #define HAVE_PCRE 1
| #define HAVE_BOOST /**/
| #define HAVE_LIBDL 1
| /* end confdefs.h.  */
| 
| /* Override any GCC internal prototype to avoid an error.
|    Use char because int might match the return type of a GCC
|    builtin and then its argument prototype would still apply.  */
| #ifdef __cplusplus
| extern "C"
| #endif
| char t_open ();
| int
| main ()
| {
| return t_open ();
|   ;
|   return 0;
| }
configure:6611: gcc -o conftest -g -O2    conftest.c -lnsl  -ldl  -lpcre >&5
/tmp/cc8w1RkI.o: In function `main':
/home/habhabhabs/Desktop/fyp4/hotword/swig-3.0.10/conftest.c:29: undefined reference to `t_open'
collect2: error: ld returned 1 exit status
configure:6611: $? = 1
configure: failed program was:
| /* confdefs.h */
| #define PACKAGE_NAME "swig"
| #define PACKAGE_TARNAME "swig"
| #define PACKAGE_VERSION "3.0.10"
| #define PACKAGE_STRING "swig 3.0.10"
| #define PACKAGE_BUGREPORT "http://www.swig.org"
| #define PACKAGE_URL ""
| #define PACKAGE "swig"
| #define VERSION "3.0.10"
| #define SWIG_CXX "g++"
| #define SWIG_PLATFORM "x86_64-pc-linux-gnu"
| #define STDC_HEADERS 1
| #define HAVE_POPEN 1
| #define HAVE_PCRE 1
| #define HAVE_BOOST /**/
| #define HAVE_LIBDL 1
| /* end confdefs.h.  */
| 
| /* Override any GCC internal prototype to avoid an error.
|    Use char because int might match the return type of a GCC
|    builtin and then its argument prototype would still apply.  */
| #ifdef __cplusplus
| extern "C"
| #endif
| char t_open ();
| int
| main ()
| {
| return t_open ();
|   ;
|   return 0;
| }
configure:6628: result: no
configure:6636: checking for library containing gethostbyname
configure:6667: gcc -o conftest -g -O2    conftest.c -ldl  -lpcre >&5
configure:6667: $? = 0
configure:6684: result: none required
configure:6692: checking for library containing socket
configure:6723: gcc -o conftest -g -O2    conftest.c -ldl  -lpcre >&5
configure:6723: $? = 0
configure:6740: result: none required
configure:6749: checking for swill_init in -lswill
configure:6774: gcc -o conftest -g -O2    conftest.c -lswill  -ldl  -lpcre >&5
/usr/bin/ld: cannot find -lswill
collect2: error: ld returned 1 exit status
configure:6774: $? = 1
configure: failed program was:
| /* confdefs.h */
| #define PACKAGE_NAME "swig"
| #define PACKAGE_TARNAME "swig"
| #define PACKAGE_VERSION "3.0.10"
| #define PACKAGE_STRING "swig 3.0.10"
| #define PACKAGE_BUGREPORT "http://www.swig.org"
| #define PACKAGE_URL ""
| #define PACKAGE "swig"
| #define VERSION "3.0.10"
| #define SWIG_CXX "g++"
| #define SWIG_PLATFORM "x86_64-pc-linux-gnu"
| #define STDC_HEADERS 1
| #define HAVE_POPEN 1
| #define HAVE_PCRE 1
| #define HAVE_BOOST /**/
| #define HAVE_LIBDL 1
| /* end confdefs.h.  */
| 
| /* Override any GCC internal prototype to avoid an error.
|    Use char because int might match the return type of a GCC
|    builtin and then its argument prototype would still apply.  */
| #ifdef __cplusplus
| extern "C"
| #endif
| char swill_init ();
| int
| main ()
| {
| return swill_init ();
|   ;
|   return 0;
| }
configure:6783: result: no
configure:6805: checking for main in -lieee
configure:6824: gcc -o conftest -g -O2    conftest.c -lieee  -ldl  -lpcre >&5
/usr/bin/ld: cannot find -lieee
collect2: error: ld returned 1 exit status
configure:6824: $? = 1
configure: failed program was:
| /* confdefs.h */
| #define PACKAGE_NAME "swig"
| #define PACKAGE_TARNAME "swig"
| #define PACKAGE_VERSION "3.0.10"
| #define PACKAGE_STRING "swig 3.0.10"
| #define PACKAGE_BUGREPORT "http://www.swig.org"
| #define PACKAGE_URL ""
| #define PACKAGE "swig"
| #define VERSION "3.0.10"
| #define SWIG_CXX "g++"
| #define SWIG_PLATFORM "x86_64-pc-linux-gnu"
| #define STDC_HEADERS 1
| #define HAVE_POPEN 1
| #define HAVE_PCRE 1
| #define HAVE_BOOST /**/
| #define HAVE_LIBDL 1
| /* end confdefs.h.  */
| 
| 
| int
| main ()
| {
| return main ();
|   ;
|   return 0;
| }
configure:6833: result: no
configure:6839: checking for crypt in -lcrypt
configure:6864: gcc -o conftest -g -O2    conftest.c -lcrypt  -ldl  -lpcre >&5
configure:6864: $? = 0
configure:6873: result: yes
configure:6915: checking for pkg-config
configure:6931: found /usr/bin/pkg-config
configure:6942: result: pkg-config
configure:7003: checking for Tcl configuration
configure:7029: result: found /usr/lib/tclConfig.sh
configure:7052: checking for Tcl header files
configure:7081: result: -isystem /usr/include/tcl8.6
configure:7085: checking for Tcl library
configure:7102: result: -L/usr/lib/x86_64-linux-gnu -ltcl8.6
configure:7160: checking for python
configure:7176: found /usr/bin/python
configure:7187: result: python
configure:7204: checking for python major version number
configure:7207: result: 2
configure:7212: checking for Python os.name
configure:7215: result: posix
configure:7221: checking for Python prefix
configure:7224: result: /usr
configure:7226: checking for Python exec-prefix
configure:7229: result: /usr
configure:7260: checking for Python version
configure:7266: result: python2.7
configure:7271: checking for Python lib dir
configure:7278: result: lib
configure:7283: checking for Python header files
configure:7293: result: -I/usr/include/python2.7 -I/usr/lib/python2.7/config
configure:7297: checking for Python library directory
configure:7311: result: Not found
configure:7317: checking for Python library
configure:7323: result: -lpython2.7
configure:7379: checking for python3
configure:7395: found /usr/bin/python3
configure:7406: result: python3
configure:7422: checking for python3-config
configure:7438: found /usr/bin/python3-config
configure:7449: result: python3-config
configure:7513: checking for python3 major version number
configure:7516: result: 3
configure:7524: checking for Python 3.x os.name
configure:7527: result: posix
configure:7577: checking for Python 3.x prefix
configure:7580: result: /usr
configure:7582: checking for Python 3.x exec-prefix
configure:7585: result: /usr
configure:7591: checking for Python 3.x version
configure:7597: result: python3.6
configure:7602: checking for Python 3.x lib dir
configure:7609: result: lib
configure:7614: checking for Python 3.x header files
configure:7617: result: -I/usr/include/python3.6m -I/usr/include/python3.6m
configure:7621: checking for Python 3.x library directory
configure:7631: result: Not found
configure:7640: checking for Python 3.x library
configure:7646: result: -lpython3.6
configure:7669: checking for pep8
configure:7699: result: no
configure:7738: checking for perl
configure:7754: found /usr/bin/perl
configure:7765: result: perl
configure:7783: checking for Perl5 header files
configure:7792: result: /usr/lib/x86_64-linux-gnu/perl/5.26/CORE
configure:7804: checking for Perl5 library
configure:7811: result: perl
configure:7814: checking for Perl5 ccflags
configure:7821: result: -D_REENTRANT -D_GNU_SOURCE -DDEBIAN -fwrapv -fno-strict-aliasing -pipe -isystem /usr/local/include -D_LARGEFILE_SOURCE -D_FILE_OFFSET_BITS=64
configure:7824: checking for Perl5 ccdlflags
configure:7831: result: -Wl,-E
configure:7834: checking for Perl5 cccdlflags
configure:7841: result: -fPIC
configure:7844: checking for Perl5 ldflags
configure:7851: result:  -fstack-protector-strong -L/usr/local/lib
configure:7854: checking for Perl5 Test::More module
configure:7861: result: found
configure:7916: checking for octave
configure:7949: result: no
configure:8108: checking for scilab
configure:8138: result: no
configure:8278: checking for java JDK
configure:8312: result: no (JAVA_HOME is not defined)
configure:8324: checking for java
configure:8340: found /usr/bin/java
configure:8351: result: java
configure:8375: checking for javac
configure:8391: found /usr/bin/javac
configure:8402: result: javac
configure:8418: checking for java include file jni.h
configure:8462: result: -I"/usr/lib/jvm/java-1.11.0-openjdk-amd64/include"
configure:8465: checking for java include file jni_md.h
configure:8473: result: -I"/usr/lib/jvm/java-1.11.0-openjdk-amd64/include/linux"
configure:8598: checking for nodejs
configure:8628: result: no
configure:8598: checking for node
configure:8628: result: no
configure:8691: checking for JavaScriptCore/JavaScript.h
configure:8731: result: not found
configure:8746: checking for JavaScriptCore/Webkit library
configure:8753: result: not found
configure:8769: checking for V8 Javascript v8.h
configure:8802: result: not found
configure:8810: checking for V8 Javascript library
configure:8831: result: not found
configure:8902: checking for gcj
configure:8932: result: no
configure:8949: checking for gcjh
configure:8979: result: no
configure:9043: checking for android
configure:9073: result: no
configure:9090: checking for adb
configure:9120: result: no
configure:9137: checking for ant
configure:9153: found /usr/bin/ant
configure:9164: result: ant
configure:9184: checking for ndk-build
configure:9214: result: no
configure:9280: checking for guile-config
configure:9313: result: no
configure:9440: checking for mzscheme
configure:9473: result: no
configure:9485: checking for mzc
configure:9518: result: no
configure:9577: checking for ruby
configure:9607: result: no
configure:9619: checking for Ruby header files
configure:9718: result: could not figure out how to run ruby
configure:9762: checking for php5
configure:9792: result: no
configure:9762: checking for php
configure:9792: result: no
configure:9804: checking for PHP header files
configure:9825: result: could not find -config or obtain PHP version from it
configure:9894: checking for Ocaml DL load generator
configure:9901: checking for ocamldlgen
configure:9931: result: no
configure:9941: checking for Ocaml package tool
configure:9948: checking for ocamlfind
configure:9978: result: no
configure:9988: checking for Ocaml compiler
configure:9995: checking for ocamlc
configure:10025: result: no
configure:10035: checking for Ocaml toplevel creator
configure:10042: checking for ocamlmktop
configure:10072: result: no
configure:10082: checking for Ocaml Pre-Processor-Pretty-Printer
configure:10089: checking for camlp4
configure:10119: result: no
configure:10164: checking for pike
configure:10194: result: no
configure:10164: checking for pike7.8
configure:10194: result: no
configure:10164: checking for pike7.6
configure:10194: result: no
configure:10164: checking for pike7.4
configure:10194: result: no
configure:10164: checking for pike7.2
configure:10194: result: no
configure:10333: checking for chicken
configure:10363: result: no
configure:10389: checking for csc
configure:10419: result: no
configure:10456: checking for csi
configure:10486: result: no
configure:10722: checking for mono-csc
configure:10752: result: no
configure:10722: checking for gmcs
configure:10752: result: no
configure:10722: checking for mcs
configure:10752: result: no
configure:10722: checking for cscc
configure:10752: result: no
configure:10981: checking for lua5.4
configure:11014: result: no
configure:10981: checking for lua5.3
configure:11014: result: no
configure:10981: checking for lua5.2
configure:11014: result: no
configure:10981: checking for lua5.1
configure:11014: result: no
configure:10981: checking for lua
configure:11014: result: no
configure:11260: checking for alisp
configure:11293: result: no
configure:11320: Disabling CLISP
configure:11398: checking for R
configure:11431: result: no
configure:11475: checking for go
configure:11505: result: no
configure:11581: checking for gccgo
configure:11611: result: no
configure:11740: checking for dmd
configure:11770: result: no
configure:11740: checking for ldmd
configure:11770: result: no
configure:11740: checking for gdmd
configure:11770: result: no
configure:11825: checking for dmd
configure:11855: result: no
configure:11825: checking for gdmd
configure:11855: result: no
configure:12340: checking that generated files are newer than configure
configure:12346: result: done
configure:12373: creating ./config.status

## ---------------------- ##
## Running config.status. ##
## ---------------------- ##

This file was extended by swig config.status 3.0.10, which was
generated by GNU Autoconf 2.69.  Invocation command line was

  CONFIG_FILES    = 
  CONFIG_HEADERS  = 
  CONFIG_LINKS    = 
  CONFIG_COMMANDS = 
  $ ./config.status 

on blade

config.status:1087: creating Makefile
config.status:1087: creating swig.spec
config.status:1087: creating Examples/Makefile
config.status:1087: creating Examples/d/example.mk
config.status:1087: creating Examples/xml/Makefile
config.status:1087: creating Examples/test-suite/errors/Makefile
config.status:1087: creating Examples/test-suite/chicken/Makefile
config.status:1087: creating Examples/test-suite/csharp/Makefile
config.status:1087: creating Examples/test-suite/d/Makefile
config.status:1087: creating Examples/test-suite/guile/Makefile
config.status:1087: creating Examples/test-suite/java/Makefile
config.status:1087: creating Examples/test-suite/javascript/Makefile
config.status:1087: creating Examples/test-suite/mzscheme/Makefile
config.status:1087: creating Examples/test-suite/ocaml/Makefile
config.status:1087: creating Examples/test-suite/octave/Makefile
config.status:1087: creating Examples/test-suite/perl5/Makefile
config.status:1087: creating Examples/test-suite/php/Makefile
config.status:1087: creating Examples/test-suite/pike/Makefile
config.status:1087: creating Examples/test-suite/python/Makefile
config.status:1087: creating Examples/test-suite/ruby/Makefile
config.status:1087: creating Examples/test-suite/scilab/Makefile
config.status:1087: creating Examples/test-suite/tcl/Makefile
config.status:1087: creating Examples/test-suite/lua/Makefile
config.status:1087: creating Examples/test-suite/allegrocl/Makefile
config.status:1087: creating Examples/test-suite/clisp/Makefile
config.status:1087: creating Examples/test-suite/cffi/Makefile
config.status:1087: creating Examples/test-suite/uffi/Makefile
config.status:1087: creating Examples/test-suite/r/Makefile
config.status:1087: creating Examples/test-suite/go/Makefile
config.status:1087: creating Source/Makefile
config.status:1087: creating Tools/javascript/Makefile
config.status:1087: creating preinst-swig
config.status:1087: creating CCache/ccache_swig_config.h
config.status:1087: creating Source/Include/swigconfig.h
config.status:1316: executing depfiles commands
config.status:1316: executing Examples commands
configure:13814: === configuring in CCache (/home/habhabhabs/Desktop/fyp4/hotword/swig-3.0.10/CCache)
configure:13877: running /bin/bash ./configure --disable-option-checking '--prefix=/usr'  '--without-clisp' '--without-maximum-compile-warnings' --cache-file=/dev/null --srcdir=.

## ---------------- ##
## Cache variables. ##
## ---------------- ##

ac_cv_build=x86_64-pc-linux-gnu
ac_cv_c_compiler_gnu=yes
ac_cv_cxx_compiler_gnu=yes
ac_cv_env_CCC_set=
ac_cv_env_CCC_value=
ac_cv_env_CC_set=
ac_cv_env_CC_value=
ac_cv_env_CFLAGS_set=
ac_cv_env_CFLAGS_value=
ac_cv_env_CPPFLAGS_set=
ac_cv_env_CPPFLAGS_value=
ac_cv_env_CPP_set=
ac_cv_env_CPP_value=
ac_cv_env_CXXFLAGS_set=
ac_cv_env_CXXFLAGS_value=
ac_cv_env_CXX_set=
ac_cv_env_CXX_value=
ac_cv_env_LDFLAGS_set=
ac_cv_env_LDFLAGS_value=
ac_cv_env_LIBS_set=
ac_cv_env_LIBS_value=
ac_cv_env_PCRE_CFLAGS_set=
ac_cv_env_PCRE_CFLAGS_value=
ac_cv_env_PCRE_CONFIG_set=
ac_cv_env_PCRE_CONFIG_value=
ac_cv_env_PCRE_LIBS_set=
ac_cv_env_PCRE_LIBS_value=
ac_cv_env_YACC_set=
ac_cv_env_YACC_value=
ac_cv_env_YFLAGS_set=
ac_cv_env_YFLAGS_value=
ac_cv_env_build_alias_set=
ac_cv_env_build_alias_value=
ac_cv_env_host_alias_set=
ac_cv_env_host_alias_value=
ac_cv_env_target_alias_set=
ac_cv_env_target_alias_value=
ac_cv_func_popen=yes
ac_cv_header_stdc=yes
ac_cv_host=x86_64-pc-linux-gnu
ac_cv_lib_crypt_crypt=yes
ac_cv_lib_dl_dlopen=yes
ac_cv_lib_dld_shl_load=no
ac_cv_lib_ieee_main=no
ac_cv_lib_swill_swill_init=no
ac_cv_objext=o
ac_cv_path_EGREP='/bin/grep -E'
ac_cv_path_GREP=/bin/grep
ac_cv_path_PCRE_CONFIG=/usr/bin/pcre-config
ac_cv_path_SED=/bin/sed
ac_cv_path_install='/usr/bin/install -c'
ac_cv_path_mkdir=/bin/mkdir
ac_cv_prog_ANT=ant
ac_cv_prog_AWK=mawk
ac_cv_prog_CPP='gcc -E'
ac_cv_prog_JAVA=java
ac_cv_prog_JAVAC=javac
ac_cv_prog_PERL=perl
ac_cv_prog_PKGCONFIG=pkg-config
ac_cv_prog_PY3CONFIG=python3-config
ac_cv_prog_PYTHON3=python3
ac_cv_prog_PYTHON=python
ac_cv_prog_ac_ct_CC=gcc
ac_cv_prog_ac_ct_CXX=g++
ac_cv_prog_cc_c89=
ac_cv_prog_cc_g=yes
ac_cv_prog_cxx_g=yes
ac_cv_prog_make_make_set=yes
ac_cv_search_gethostbyname='none required'
ac_cv_search_socket='none required'
ac_cv_search_t_open=no
am_cv_CC_dependencies_compiler_type=gcc3
am_cv_CXX_dependencies_compiler_type=gcc3
am_cv_make_support_nested_variables=yes
am_cv_prog_cc_c_o=yes

## ----------------- ##
## Output variables. ##
## ----------------- ##

ACLOCAL='${SHELL} /home/habhabhabs/Desktop/fyp4/hotword/swig-3.0.10/Tools/config/missing aclocal-1.15'
ADB=''
ALLEGROCLBIN=''
AMDEPBACKSLASH='\'
AMDEP_FALSE='#'
AMDEP_TRUE=''
AMTAR='$${TAR-tar}'
AM_BACKSLASH='\'
AM_DEFAULT_V='$(AM_DEFAULT_VERBOSITY)'
AM_DEFAULT_VERBOSITY='1'
AM_V='$(V)'
ANDROID=''
ANT='ant'
AUTOCONF='${SHELL} /home/habhabhabs/Desktop/fyp4/hotword/swig-3.0.10/Tools/config/missing autoconf'
AUTOHEADER='${SHELL} /home/habhabhabs/Desktop/fyp4/hotword/swig-3.0.10/Tools/config/missing autoheader'
AUTOMAKE='${SHELL} /home/habhabhabs/Desktop/fyp4/hotword/swig-3.0.10/Tools/config/missing automake-1.15'
AWK='mawk'
BOOST_CPPFLAGS='-I/usr/include'
BOOST_LDFLAGS='-L/usr/lib/x86_64-linux-gnu'
CAMLP4=''
CC='gcc'
CCDEPMODE='depmode=gcc3'
CCSHARED='-fpic'
CFLAGS='-g -O2'
CHICKEN=''
CHICKENLIB=''
CHICKENOPTS=''
CHICKENSHAREDLIB=''
CHICKEN_CSC=''
CHICKEN_CSI=''
CLISPBIN=''
CPP='gcc -E'
CPPFLAGS=' '
CSHARPCFLAGS=''
CSHARPCILINTERPRETER=''
CSHARPCILINTERPRETER_FLAGS=''
CSHARPCOMPILER=''
CSHARPCONVERTPATH='Tools/convertpath -u'
CSHARPDYNAMICLINKING=''
CSHARPLIBRARYPREFIX='lib'
CSHARPSO='.so'
CXX='g++'
CXXDEPMODE='depmode=gcc3'
CXXFLAGS='-g -O2'
CXXSHARED='gcc -shared'
CYGPATH_W='echo'
D1COMPILER=''
D2COMPILER=''
DDEFAULTVERSION=''
DEFS='-DHAVE_CONFIG_H'
DEPDIR='.deps'
DLIBPREFIX='lib'
ECHO_C=''
ECHO_N='-n'
ECHO_T=''
EGREP='/bin/grep -E'
ENABLE_CCACHE='1'
EXEEXT=''
EXTRA_CLEAN=''
GCCGO=''
GCCGOOPT=''
GCJ=''
GCJH=''
GO12='false'
GO13='false'
GO15='false'
GO1='false'
GO=''
GOC=''
GOGCC='false'
GOOPT=''
GOVERSIONOPTION=''
GREP='/bin/grep'
GUILE='yes'
GUILE_CFLAGS=''
GUILE_CONFIG=''
GUILE_LIBS=''
GUILE_SO='.so'
HAVE_CXX11_COMPILER=''
INSTALL_DATA='${INSTALL} -m 644'
INSTALL_PROGRAM='${INSTALL}'
INSTALL_SCRIPT='${INSTALL}'
INSTALL_STRIP_PROGRAM='$(install_sh) -c -s'
JAVA='"java"'
JAVAC='"javac"'
JAVACFLAGS=''
JAVACXXSHARED='$(CXXSHARED)'
JAVADYNAMICLINKING=''
JAVAFLAGS=''
JAVAINC='-I"/usr/lib/jvm/java-1.11.0-openjdk-amd64/include" -I"/usr/lib/jvm/java-1.11.0-openjdk-amd64/include/linux"'
JAVALDSHARED='$(LDSHARED)'
JAVALIBRARYPREFIX='lib'
JAVASO='.so'
JSCENABLED=''
JSCOREDYNAMICLINKING=''
JSCOREINC=''
JSCOREVERSION=''
JSINTERPRETERCXX='$(CXX)'
JSINTERPRETERLINKFLAGS='-ldl'
JSV8DYNAMICLINKING=''
JSV8ENABLED=''
JSV8INC=''
LDFLAGS=''
LDSHARED='gcc -shared'
LIBC=''
LIBCRYPT='-lcrypt'
LIBM='-lm'
LIBOBJS=''
LIBS='-ldl  -lpcre'
LINKFORSHARED='-Xlinker -export-dynamic'
LTLIBOBJS=''
LUABIN=''
LUADYNAMICLINKING=''
LUAFLAGS=''
LUALINK=''
LUA_SO='.so'
MAKEINFO='${SHELL} /home/habhabhabs/Desktop/fyp4/hotword/swig-3.0.10/Tools/config/missing makeinfo'
MKDIR_P='/bin/mkdir -p'
MZC=''
MZDYNOBJ=''
MZSCHEME=''
MZSCHEME_SO='.so'
NDKBUILD=''
NODEGYP=''
NODEJS=''
OBJEXT='o'
OCAMLC=''
OCAMLDLGEN=''
OCAMLFIND=''
OCAMLMKTOP=''
OCTAVE=''
OCTAVE_CPPFLAGS=''
OCTAVE_CXXFLAGS=''
OCTAVE_LDFLAGS=''
OCTAVE_SO='.oct'
PACKAGE='swig'
PACKAGE_BUGREPORT='http://www.swig.org'
PACKAGE_NAME='swig'
PACKAGE_STRING='swig 3.0.10'
PACKAGE_TARNAME='swig'
PACKAGE_URL=''
PACKAGE_VERSION='3.0.10'
PATH_SEPARATOR=':'
PCRE_CFLAGS=''
PCRE_CONFIG='/usr/bin/pcre-config'
PCRE_LIBS='-lpcre'
PEP8=''
PERL5CCCDLFLAGS='-fPIC'
PERL5CCDLFLAGS='-Wl,-E'
PERL5CCFLAGS='-D_REENTRANT -D_GNU_SOURCE -DDEBIAN -fwrapv -fno-strict-aliasing -pipe -isystem /usr/local/include -D_LARGEFILE_SOURCE -D_FILE_OFFSET_BITS=64'
PERL5DYNAMICLINKING=''
PERL5EXT='/usr/lib/x86_64-linux-gnu/perl/5.26/CORE'
PERL5LDFLAGS=' -fstack-protector-strong -L/usr/local/lib'
PERL5LIB='perl'
PERL='perl'
PHP=''
PHPINC=''
PHP_SO='.so'
PIKE=''
PIKECCDLFLAGS=''
PIKECONFIG=''
PIKEDYNAMICLINKING=''
PIKEINCLUDE=''
PKGCONFIG='pkg-config'
PLATCFLAGS=''
PLATCXXFLAGS=''
PY3CONFIG='python3-config'
PY3INCLUDE='-I/usr/include/python3.6m -I/usr/include/python3.6m'
PY3LIB=''
PY3LINK='-lpython3.6'
PYINCLUDE='-I/usr/include/python2.7 -I/usr/lib/python2.7/config'
PYLIB=''
PYLINK='-lpython2.7'
PYTHON3='python3'
PYTHON3DYNAMICLINKING=''
PYTHON='python'
PYTHONDYNAMICLINKING=''
PYTHON_SO='.so'
RBIN=''
ROOT_DIR='/home/habhabhabs/Desktop/fyp4/hotword/swig-3.0.10'
RPATH='-Xlinker -rpath $(exec_prefix)/lib -Xlinker -rpath .'
RUBY=''
RUBYCCDLFLAGS=''
RUBYDYNAMICLINKING=''
RUBYINCLUDE=''
RUBYLIB=''
RUBYLINK=''
RUBYSO='.so'
SCILAB=''
SCILABINCLUDE=''
SCILABOPT=''
SED='/bin/sed'
SET_MAKE=''
SHELL='/bin/bash'
SKIP_ALLEGROCL='1'
SKIP_ANDROID='1'
SKIP_CFFI='1'
SKIP_CHICKEN='1'
SKIP_CLISP='1'
SKIP_CSHARP='1'
SKIP_D='1'
SKIP_GCJ='1'
SKIP_GO='1'
SKIP_GUILE='1'
SKIP_JAVA=''
SKIP_JAVASCRIPT='1'
SKIP_LUA='1'
SKIP_MODULA3='1'
SKIP_MZSCHEME='1'
SKIP_OCAML='1'
SKIP_OCTAVE='1'
SKIP_PERL5=''
SKIP_PHP='1'
SKIP_PIKE='1'
SKIP_PYTHON3=''
SKIP_PYTHON=''
SKIP_R='1'
SKIP_RUBY='1'
SKIP_SCILAB='1'
SKIP_TCL=''
SKIP_UFFI='1'
SO='.so'
STRIP=''
SWIGLIBS=''
SWIG_LIB='/usr/share/swig/3.0.10'
SWIG_LIB_INSTALL='${datarootdir}/swig/3.0.10'
SWIG_LIB_PREINST='/home/habhabhabs/Desktop/fyp4/hotword/swig-3.0.10/Lib'
SWIG_LIB_SET='env SWIG_LIB=$(SWIG_LIB_DIR)'
SWILL=''
TCLCXXSHARED='$(CXXSHARED)'
TCLDYNAMICLINKING=''
TCLINCLUDE='-isystem /usr/include/tcl8.6'
TCLLDSHARED='$(LDSHARED)'
TCLLIB='-L/usr/lib/x86_64-linux-gnu -ltcl8.6'
TCL_SO='.so'
TRYLINKINGWITHCXX='CXXSHARED= g++ -shared '
VERSION='3.0.10'
YACC='yacc'
YFLAGS=''
ac_aux_dir='Tools/config'
ac_ct_CC='gcc'
ac_ct_CXX='g++'
am__EXEEXT_FALSE=''
am__EXEEXT_TRUE='#'
am__fastdepCC_FALSE='#'
am__fastdepCC_TRUE=''
am__fastdepCXX_FALSE='#'
am__fastdepCXX_TRUE=''
am__include='include'
am__isrc=''
am__leading_dot='.'
am__nodep='_no'
am__quote=''
am__tar='$${TAR-tar} chof - "$$tardir"'
am__untar='$${TAR-tar} xf -'
bindir='${exec_prefix}/bin'
build='x86_64-pc-linux-gnu'
build_alias=''
build_cpu='x86_64'
build_os='linux-gnu'
build_vendor='pc'
datadir='${datarootdir}'
datarootdir='${prefix}/share'
docdir='${datarootdir}/doc/${PACKAGE_TARNAME}'
dvidir='${docdir}'
exec_prefix='${prefix}'
host='x86_64-pc-linux-gnu'
host_alias=''
host_cpu='x86_64'
host_os='linux-gnu'
host_vendor='pc'
htmldir='${docdir}'
includedir='${prefix}/include'
infodir='${datarootdir}/info'
install_sh='${SHELL} /home/habhabhabs/Desktop/fyp4/hotword/swig-3.0.10/Tools/config/install-sh'
libdir='${exec_prefix}/lib'
libexecdir='${exec_prefix}/libexec'
localedir='${datarootdir}/locale'
localstatedir='${prefix}/var'
mandir='${datarootdir}/man'
mkdir_p='$(MKDIR_P)'
oldincludedir='/usr/include'
pdfdir='${docdir}'
prefix='/usr'
program_transform_name='s,x,x,'
psdir='${docdir}'
runstatedir='${localstatedir}/run'
sbindir='${exec_prefix}/sbin'
sharedstatedir='${prefix}/com'
subdirs=' CCache'
sysconfdir='${prefix}/etc'
target_alias=''

## ----------- ##
## confdefs.h. ##
## ----------- ##

/* confdefs.h */
#define PACKAGE_NAME "swig"
#define PACKAGE_TARNAME "swig"
#define PACKAGE_VERSION "3.0.10"
#define PACKAGE_STRING "swig 3.0.10"
#define PACKAGE_BUGREPORT "http://www.swig.org"
#define PACKAGE_URL ""
#define PACKAGE "swig"
#define VERSION "3.0.10"
#define SWIG_CXX "g++"
#define SWIG_PLATFORM "x86_64-pc-linux-gnu"
#define STDC_HEADERS 1
#define HAVE_POPEN 1
#define HAVE_PCRE 1
#define HAVE_BOOST /**/
#define HAVE_LIBDL 1
#define SWIG_LIB "/usr/share/swig/3.0.10"
#define SWIG_LIB_WIN_UNIX ""

configure: exit 0
